Using pre-set license
Built from '2020.2/staging' branch; Version is '2020.2.6f1 (8a2143876886) revision 9052483'; Using compiler version '192528614'; Build Type 'Release'
OS: 'Windows 10 Pro; OS build 19042.1165; Version 2009; 64bit' Language: 'fr' Physical Memory: 16348 MB
BatchMode: 1, IsHumanControllingUs: 0, StartBugReporterOnCrash: 0, Is64bit: 1, IsPro: 0

 COMMAND LINE ARGUMENTS:
C:\Program Files\Unity\Hub\Editor\2020.2.6f1\Editor\Unity.exe
-adb2
-batchMode
-noUpm
-name
AssetImportWorker0
-projectPath
F:/Professionnel/Projets perso/Jeux maisons/anti-hexagon/Anti Hexagon - Unity
-logFile
Logs/AssetImportWorker0.log
-srvPort
58736
Successfully changed project path to: F:/Professionnel/Projets perso/Jeux maisons/anti-hexagon/Anti Hexagon - Unity
F:/Professionnel/Projets perso/Jeux maisons/anti-hexagon/Anti Hexagon - Unity
Using Asset Import Pipeline V2.
Refreshing native plugins compatible for Editor in 56.42 ms, found 1 plugins.
Preloading 0 native plugins for Editor in 0.00 ms.
Initialize engine version: 2020.2.6f1 (8a2143876886)
[Subsystems] Discovering subsystems at path C:/Program Files/Unity/Hub/Editor/2020.2.6f1/Editor/Data/Resources/UnitySubsystems
[Subsystems] Discovering subsystems at path F:/Professionnel/Projets perso/Jeux maisons/anti-hexagon/Anti Hexagon - Unity/Assets
GfxDevice: creating device client; threaded=0
Direct3D:
    Version:  Direct3D 11.0 [level 11.1]
    Renderer: NVIDIA GeForce GTX 1060 6GB (ID=0x1c03)
    Vendor:   
    VRAM:     6052 MB
    Driver:   27.21.14.5671
Shader 'Universal Render Pipeline/Particles/Lit': fallback shader 'Universal Render Pipeline/Particles/SimpleLit' not found
Initialize mono
Mono path[0] = 'C:/Program Files/Unity/Hub/Editor/2020.2.6f1/Editor/Data/Managed'
Mono path[1] = 'C:/Program Files/Unity/Hub/Editor/2020.2.6f1/Editor/Data/MonoBleedingEdge/lib/mono/unityjit'
Mono config path = 'C:/Program Files/Unity/Hub/Editor/2020.2.6f1/Editor/Data/MonoBleedingEdge/etc'
Using monoOptions --debugger-agent=transport=dt_socket,embedding=1,server=y,suspend=n,address=127.0.0.1:56916
Begin MonoManager ReloadAssembly
Registering precompiled unity dll's ...
Register platform support module: C:/Program Files/Unity/Hub/Editor/2020.2.6f1/Editor/Data/PlaybackEngines/WindowsStandaloneSupport/UnityEditor.WindowsStandalone.Extensions.dll
Registered in 0.001756 seconds.
Native extension for WindowsStandalone target not found
Refreshing native plugins compatible for Editor in 45.42 ms, found 1 plugins.
Preloading 0 native plugins for Editor in 0.00 ms.
Invoked RoslynAnalysisRunner static constructor.
RoslynAnalysisRunner will not be running.
RoslynAnalysisRunner has terminated.
Mono: successfully reloaded assembly
- Completed reload, in  0.911 seconds
Platform modules already initialized, skipping
Registering precompiled user dll's ...
Registered in 0.001014 seconds.
Begin MonoManager ReloadAssembly
Native extension for WindowsStandalone target not found
Refreshing native plugins compatible for Editor in 48.20 ms, found 1 plugins.
Preloading 0 native plugins for Editor in 0.00 ms.
Invoked RoslynAnalysisRunner static constructor.
RoslynAnalysisRunner will not be running.
RoslynAnalysisRunner has terminated.
Mono: successfully reloaded assembly
- Completed reload, in  0.831 seconds
Platform modules already initialized, skipping
========================================================================
Worker process is ready to serve import requests
Shader 'Universal Render Pipeline/Particles/Lit': fallback shader 'Universal Render Pipeline/Particles/SimpleLit' not found
Launched and connected shader compiler UnityShaderCompiler.exe after 0.06 seconds
Refreshing native plugins compatible for Editor in 0.45 ms, found 1 plugins.
Preloading 0 native plugins for Editor in 0.00 ms.
Unloading 2972 Unused Serialized files (Serialized files now loaded: 0)
System memory in use before: 128.4 MB.
System memory in use after: 128.6 MB.

Unloading 19 unused Assets to reduce memory usage. Loaded Objects now: 3424.
Total: 1.890300 ms (FindLiveObjects: 0.249100 ms CreateObjectMapping: 0.125100 ms MarkObjects: 1.494200 ms  DeleteObjects: 0.020900 ms)

========================================================================
Received Import Request.
  path: Assets/Animation/Animator/MenuGame.controller
  artifactKey: Guid(65b47493a7671394bb24c60da5af1c80) Importer(815301076,1909f56bfc062723c751e8b465ee728b)
Start importing Assets/Animation/Animator/MenuGame.controller using Guid(65b47493a7671394bb24c60da5af1c80) Importer(815301076,1909f56bfc062723c751e8b465ee728b)  -> (artifact id: '3e46aaa5fdab83ee924d08dec411eaca') in 0.117224 seconds
  Import took 0.127378 seconds .

========================================================================
Received Prepare
Registering precompiled user dll's ...
Registered in 0.001095 seconds.
Begin MonoManager ReloadAssembly
Native extension for WindowsStandalone target not found
Refreshing native plugins compatible for Editor in 0.46 ms, found 1 plugins.
Preloading 0 native plugins for Editor in 0.00 ms.
Invoked RoslynAnalysisRunner static constructor.
RoslynAnalysisRunner will not be running.
RoslynAnalysisRunner has terminated.
Mono: successfully reloaded assembly
- Completed reload, in  0.742 seconds
Platform modules already initialized, skipping
Shader 'Universal Render Pipeline/Particles/Lit': fallback shader 'Universal Render Pipeline/Particles/SimpleLit' not found
Refreshing native plugins compatible for Editor in 0.49 ms, found 1 plugins.
Preloading 0 native plugins for Editor in 0.00 ms.
Unloading 2897 Unused Serialized files (Serialized files now loaded: 0)
System memory in use before: 123.0 MB.
System memory in use after: 123.2 MB.

Unloading 9 unused Assets to reduce memory usage. Loaded Objects now: 3426.
Total: 2.123600 ms (FindLiveObjects: 0.263800 ms CreateObjectMapping: 0.130500 ms MarkObjects: 1.713400 ms  DeleteObjects: 0.014800 ms)

========================================================================
Received Prepare
Registering precompiled user dll's ...
Registered in 0.001207 seconds.
Begin MonoManager ReloadAssembly
Native extension for WindowsStandalone target not found
Refreshing native plugins compatible for Editor in 0.46 ms, found 1 plugins.
Preloading 0 native plugins for Editor in 0.00 ms.
Invoked RoslynAnalysisRunner static constructor.
RoslynAnalysisRunner will not be running.
RoslynAnalysisRunner has terminated.
Mono: successfully reloaded assembly
- Completed reload, in  0.747 seconds
Platform modules already initialized, skipping
Shader 'Universal Render Pipeline/Particles/Lit': fallback shader 'Universal Render Pipeline/Particles/SimpleLit' not found
Refreshing native plugins compatible for Editor in 0.74 ms, found 1 plugins.
Preloading 0 native plugins for Editor in 0.00 ms.
Unloading 2897 Unused Serialized files (Serialized files now loaded: 0)
System memory in use before: 123.0 MB.
System memory in use after: 123.2 MB.

Unloading 9 unused Assets to reduce memory usage. Loaded Objects now: 3428.
Total: 2.953000 ms (FindLiveObjects: 0.394800 ms CreateObjectMapping: 0.298200 ms MarkObjects: 2.241700 ms  DeleteObjects: 0.017400 ms)

========================================================================
Received Prepare
Registering precompiled user dll's ...
Registered in 0.001065 seconds.
Begin MonoManager ReloadAssembly
Native extension for WindowsStandalone target not found
Refreshing native plugins compatible for Editor in 0.74 ms, found 1 plugins.
Preloading 0 native plugins for Editor in 0.00 ms.
Invoked RoslynAnalysisRunner static constructor.
RoslynAnalysisRunner will not be running.
RoslynAnalysisRunner has terminated.
Mono: successfully reloaded assembly
- Completed reload, in  0.795 seconds
Platform modules already initialized, skipping
Shader 'Universal Render Pipeline/Particles/Lit': fallback shader 'Universal Render Pipeline/Particles/SimpleLit' not found
Refreshing native plugins compatible for Editor in 0.47 ms, found 1 plugins.
Preloading 0 native plugins for Editor in 0.00 ms.
Unloading 2897 Unused Serialized files (Serialized files now loaded: 0)
System memory in use before: 123.0 MB.
System memory in use after: 123.3 MB.

Unloading 9 unused Assets to reduce memory usage. Loaded Objects now: 3430.
Total: 2.143000 ms (FindLiveObjects: 0.284200 ms CreateObjectMapping: 0.150300 ms MarkObjects: 1.688900 ms  DeleteObjects: 0.018500 ms)

========================================================================
Received Prepare
Registering precompiled user dll's ...
Registered in 0.001071 seconds.
Begin MonoManager ReloadAssembly
Native extension for WindowsStandalone target not found
Refreshing native plugins compatible for Editor in 0.47 ms, found 1 plugins.
Preloading 0 native plugins for Editor in 0.00 ms.
Invoked RoslynAnalysisRunner static constructor.
RoslynAnalysisRunner will not be running.
RoslynAnalysisRunner has terminated.
Mono: successfully reloaded assembly
- Completed reload, in  0.738 seconds
Platform modules already initialized, skipping
Shader 'Universal Render Pipeline/Particles/Lit': fallback shader 'Universal Render Pipeline/Particles/SimpleLit' not found
Refreshing native plugins compatible for Editor in 0.49 ms, found 1 plugins.
Preloading 0 native plugins for Editor in 0.00 ms.
Unloading 2897 Unused Serialized files (Serialized files now loaded: 0)
System memory in use before: 123.1 MB.
System memory in use after: 123.3 MB.

Unloading 9 unused Assets to reduce memory usage. Loaded Objects now: 3432.
Total: 2.078300 ms (FindLiveObjects: 0.256700 ms CreateObjectMapping: 0.128400 ms MarkObjects: 1.675300 ms  DeleteObjects: 0.016700 ms)

========================================================================
Received Prepare
Registering precompiled user dll's ...
Registered in 0.001097 seconds.
Begin MonoManager ReloadAssembly
Native extension for WindowsStandalone target not found
Refreshing native plugins compatible for Editor in 0.47 ms, found 1 plugins.
Preloading 0 native plugins for Editor in 0.00 ms.
Invoked RoslynAnalysisRunner static constructor.
RoslynAnalysisRunner will not be running.
RoslynAnalysisRunner has terminated.
Mono: successfully reloaded assembly
- Completed reload, in  0.737 seconds
Platform modules already initialized, skipping
Shader 'Universal Render Pipeline/Particles/Lit': fallback shader 'Universal Render Pipeline/Particles/SimpleLit' not found
Refreshing native plugins compatible for Editor in 0.46 ms, found 1 plugins.
Preloading 0 native plugins for Editor in 0.00 ms.
Unloading 2897 Unused Serialized files (Serialized files now loaded: 0)
System memory in use before: 123.1 MB.
System memory in use after: 123.3 MB.

Unloading 9 unused Assets to reduce memory usage. Loaded Objects now: 3434.
Total: 2.611100 ms (FindLiveObjects: 0.661000 ms CreateObjectMapping: 0.229100 ms MarkObjects: 1.703100 ms  DeleteObjects: 0.017000 ms)

========================================================================
Received Import Request.
  Time since last request: 580.964054 seconds.
  path: Assets/Prefabs/Player.prefab
  artifactKey: Guid(a2328a99c91740949879634a6b2b702c) Importer(815301076,1909f56bfc062723c751e8b465ee728b)
Start importing Assets/Prefabs/Player.prefab using Guid(a2328a99c91740949879634a6b2b702c) Importer(815301076,1909f56bfc062723c751e8b465ee728b)  -> (artifact id: 'ce8292c0436ae5f02de5eb0d3c13a170') in 0.113040 seconds
  Import took 0.117256 seconds .

========================================================================
Received Import Request.
  Time since last request: 18.201030 seconds.
  path: Assets/Prefabs/Partitions/Mode1
  artifactKey: Guid(33bc61f2242fdfd488b1f6a3936209a0) Importer(815301076,1909f56bfc062723c751e8b465ee728b)
Start importing Assets/Prefabs/Partitions/Mode1 using Guid(33bc61f2242fdfd488b1f6a3936209a0) Importer(815301076,1909f56bfc062723c751e8b465ee728b)  -> (artifact id: 'c9febaea40254e9d3135f7d84b324578') in 0.018393 seconds
  Import took 0.022371 seconds .

========================================================================
Received Import Request.
  Time since last request: 8.281119 seconds.
  path: Assets/Prefabs/Partitions/Mode2
  artifactKey: Guid(6d009e87c7d73c04a8d3274c2c8ee5ae) Importer(815301076,1909f56bfc062723c751e8b465ee728b)
Start importing Assets/Prefabs/Partitions/Mode2 using Guid(6d009e87c7d73c04a8d3274c2c8ee5ae) Importer(815301076,1909f56bfc062723c751e8b465ee728b)  -> (artifact id: 'f11b0a7a2a4e3634db2502c736fdab77') in 0.019292 seconds
  Import took 0.024184 seconds .

========================================================================
Received Import Request.
  Time since last request: 6.834715 seconds.
  path: Assets/Prefabs/Partitions/Mode2/New Partition.asset
  artifactKey: Guid(79789869c00c276448c9047844b041f5) Importer(815301076,1909f56bfc062723c751e8b465ee728b)
Start importing Assets/Prefabs/Partitions/Mode2/New Partition.asset using Guid(79789869c00c276448c9047844b041f5) Importer(815301076,1909f56bfc062723c751e8b465ee728b)  -> (artifact id: 'c1b9fdf0e2eee4d51ca28f1f65041344') in 0.022358 seconds
  Import took 0.026429 seconds .

========================================================================
Received Import Request.
  Time since last request: 121.410282 seconds.
  path: Assets/Prefabs/Tiles/Tiles Vanilla/Tile.prefab
  artifactKey: Guid(ea50ec10c71edd74caec3ce3e12b0acd) Importer(815301076,1909f56bfc062723c751e8b465ee728b)
Start importing Assets/Prefabs/Tiles/Tiles Vanilla/Tile.prefab using Guid(ea50ec10c71edd74caec3ce3e12b0acd) Importer(815301076,1909f56bfc062723c751e8b465ee728b)  -> (artifact id: '8247a756b2c4a39f02d16f4636fea128') in 0.029028 seconds
  Import took 0.033933 seconds .

========================================================================
Received Import Request.
  Time since last request: 140.906433 seconds.
  path: Assets/Prefabs/Partitions/Mode2/CircleTile1.asset
  artifactKey: Guid(79789869c00c276448c9047844b041f5) Importer(815301076,1909f56bfc062723c751e8b465ee728b)
Start importing Assets/Prefabs/Partitions/Mode2/CircleTile1.asset using Guid(79789869c00c276448c9047844b041f5) Importer(815301076,1909f56bfc062723c751e8b465ee728b)  -> (artifact id: '2dc75ba791894ef093cec562d1e570c1') in 0.020051 seconds
  Import took 0.024885 seconds .

========================================================================
Received Import Request.
  Time since last request: 28.203515 seconds.
  path: Assets/Prefabs/Partitions/Mode2/New Partition.asset
  artifactKey: Guid(5b2254c968cdd014ab77d01da0f646df) Importer(815301076,1909f56bfc062723c751e8b465ee728b)
Start importing Assets/Prefabs/Partitions/Mode2/New Partition.asset using Guid(5b2254c968cdd014ab77d01da0f646df) Importer(815301076,1909f56bfc062723c751e8b465ee728b)  -> (artifact id: '504894cad921926bbe34d7a474c67ece') in 0.020518 seconds
  Import took 0.025335 seconds .

========================================================================
Received Import Request.
  Time since last request: 15.092280 seconds.
  path: Assets/Prefabs/Partitions/Mode2/KamikazeTileAlter.asset
  artifactKey: Guid(5b2254c968cdd014ab77d01da0f646df) Importer(815301076,1909f56bfc062723c751e8b465ee728b)
Start importing Assets/Prefabs/Partitions/Mode2/KamikazeTileAlter.asset using Guid(5b2254c968cdd014ab77d01da0f646df) Importer(815301076,1909f56bfc062723c751e8b465ee728b)  -> (artifact id: 'fc5414279334516b641aa878780419e8') in 0.023581 seconds
  Import took 0.027636 seconds .

========================================================================
Received Import Request.
  Time since last request: 100.479499 seconds.
  path: Assets/Prefabs/Partitions/Mode2/EightSuiteTile1.asset
  artifactKey: Guid(79789869c00c276448c9047844b041f5) Importer(815301076,1909f56bfc062723c751e8b465ee728b)
Start importing Assets/Prefabs/Partitions/Mode2/EightSuiteTile1.asset using Guid(79789869c00c276448c9047844b041f5) Importer(815301076,1909f56bfc062723c751e8b465ee728b)  -> (artifact id: 'e95d236c014a0f1eae9a1cf857f95f55') in 0.019997 seconds
  Import took 0.024333 seconds .

========================================================================
Received Import Request.
  Time since last request: 202.433946 seconds.
  path: Assets/Prefabs/Partitions/Mode2/Mode2_1.asset
  artifactKey: Guid(4395defdc4c304645956671d8d920834) Importer(815301076,1909f56bfc062723c751e8b465ee728b)
Start importing Assets/Prefabs/Partitions/Mode2/Mode2_1.asset using Guid(4395defdc4c304645956671d8d920834) Importer(815301076,1909f56bfc062723c751e8b465ee728b)  -> (artifact id: '0e14851ea61df30719184dab9509ed51') in 0.020598 seconds
  Import took 0.025597 seconds .

========================================================================
Received Prepare
Registering precompiled user dll's ...
Registered in 0.001178 seconds.
Begin MonoManager ReloadAssembly
Native extension for WindowsStandalone target not found
Refreshing native plugins compatible for Editor in 0.46 ms, found 1 plugins.
Preloading 0 native plugins for Editor in 0.00 ms.
Invoked RoslynAnalysisRunner static constructor.
RoslynAnalysisRunner will not be running.
RoslynAnalysisRunner has terminated.
Mono: successfully reloaded assembly
- Completed reload, in  0.798 seconds
Platform modules already initialized, skipping
Shader 'Universal Render Pipeline/Particles/Lit': fallback shader 'Universal Render Pipeline/Particles/SimpleLit' not found
Refreshing native plugins compatible for Editor in 0.46 ms, found 1 plugins.
Preloading 0 native plugins for Editor in 0.00 ms.
Unloading 2897 Unused Serialized files (Serialized files now loaded: 0)
System memory in use before: 126.1 MB.
System memory in use after: 126.3 MB.

Unloading 9 unused Assets to reduce memory usage. Loaded Objects now: 3443.
Total: 2.394800 ms (FindLiveObjects: 0.304500 ms CreateObjectMapping: 0.141200 ms MarkObjects: 1.931800 ms  DeleteObjects: 0.016300 ms)

========================================================================
Received Import Request.
  Time since last request: 13659.235197 seconds.
  path: Assets/Prefabs/Partitions/Mode2/EightTileAlter.asset
  artifactKey: Guid(70d478e2554ece047a9a5dea4fdb48d0) Importer(815301076,1909f56bfc062723c751e8b465ee728b)
Start importing Assets/Prefabs/Partitions/Mode2/EightTileAlter.asset using Guid(70d478e2554ece047a9a5dea4fdb48d0) Importer(815301076,1909f56bfc062723c751e8b465ee728b)  -> (artifact id: '1d35b38a36de40980602788518bdc376') in 0.064546 seconds
  Import took 0.074901 seconds .

========================================================================
Received Import Request.
  Time since last request: 528.990786 seconds.
  path: Assets/Prefabs/Partitions/Mode2/EightSuiteTile1.asset
  artifactKey: Guid(79789869c00c276448c9047844b041f5) Importer(815301076,1909f56bfc062723c751e8b465ee728b)
Start importing Assets/Prefabs/Partitions/Mode2/EightSuiteTile1.asset using Guid(79789869c00c276448c9047844b041f5) Importer(815301076,1909f56bfc062723c751e8b465ee728b)  -> (artifact id: 'f899ae249358b6f76492437bdd00aac9') in 0.028275 seconds
  Import took 0.032968 seconds .

========================================================================
Received Import Request.
  Time since last request: 0.000232 seconds.
  path: Assets/Prefabs/Partitions/Mode2/KamikazeTileAlter.asset
  artifactKey: Guid(5b2254c968cdd014ab77d01da0f646df) Importer(815301076,1909f56bfc062723c751e8b465ee728b)
Start importing Assets/Prefabs/Partitions/Mode2/KamikazeTileAlter.asset using Guid(5b2254c968cdd014ab77d01da0f646df) Importer(815301076,1909f56bfc062723c751e8b465ee728b)  -> (artifact id: '0f1bbfa43bee5312fa533783eb8d8dbc') in 0.026080 seconds
  Import took 0.029705 seconds .

========================================================================
Received Import Request.
  Time since last request: 0.000181 seconds.
  path: Assets/Prefabs/Partitions/Mode2/EightTileAlter.asset
  artifactKey: Guid(70d478e2554ece047a9a5dea4fdb48d0) Importer(815301076,1909f56bfc062723c751e8b465ee728b)
Start importing Assets/Prefabs/Partitions/Mode2/EightTileAlter.asset using Guid(70d478e2554ece047a9a5dea4fdb48d0) Importer(815301076,1909f56bfc062723c751e8b465ee728b)  -> (artifact id: '39d2615548c09724aac6a2cc168b7215') in 0.027583 seconds
  Import took 0.031508 seconds .

========================================================================
Received Prepare
Registering precompiled user dll's ...
Registered in 0.001598 seconds.
Begin MonoManager ReloadAssembly
Native extension for WindowsStandalone target not found
Refreshing native plugins compatible for Editor in 0.47 ms, found 1 plugins.
Preloading 0 native plugins for Editor in 0.00 ms.
Invoked RoslynAnalysisRunner static constructor.
RoslynAnalysisRunner will not be running.
RoslynAnalysisRunner has terminated.
Mono: successfully reloaded assembly
- Completed reload, in  0.755 seconds
Platform modules already initialized, skipping
Shader 'Universal Render Pipeline/Particles/Lit': fallback shader 'Universal Render Pipeline/Particles/SimpleLit' not found
Refreshing native plugins compatible for Editor in 0.46 ms, found 1 plugins.
Preloading 0 native plugins for Editor in 0.00 ms.
Unloading 2897 Unused Serialized files (Serialized files now loaded: 0)
System memory in use before: 126.1 MB.
System memory in use after: 126.3 MB.

Unloading 9 unused Assets to reduce memory usage. Loaded Objects now: 3445.
Total: 4.008200 ms (FindLiveObjects: 0.514100 ms CreateObjectMapping: 0.273400 ms MarkObjects: 3.185700 ms  DeleteObjects: 0.033500 ms)

========================================================================
Received Prepare
Registering precompiled user dll's ...
Registered in 0.001415 seconds.
Begin MonoManager ReloadAssembly
Native extension for WindowsStandalone target not found
Refreshing native plugins compatible for Editor in 0.46 ms, found 1 plugins.
Preloading 0 native plugins for Editor in 0.00 ms.
Invoked RoslynAnalysisRunner static constructor.
RoslynAnalysisRunner will not be running.
RoslynAnalysisRunner has terminated.
Mono: successfully reloaded assembly
- Completed reload, in  0.770 seconds
Platform modules already initialized, skipping
Shader 'Universal Render Pipeline/Particles/Lit': fallback shader 'Universal Render Pipeline/Particles/SimpleLit' not found
Refreshing native plugins compatible for Editor in 0.47 ms, found 1 plugins.
Preloading 0 native plugins for Editor in 0.00 ms.
Unloading 2897 Unused Serialized files (Serialized files now loaded: 0)
System memory in use before: 126.1 MB.
System memory in use after: 126.3 MB.

Unloading 9 unused Assets to reduce memory usage. Loaded Objects now: 3447.
Total: 2.352500 ms (FindLiveObjects: 0.365600 ms CreateObjectMapping: 0.130800 ms MarkObjects: 1.840900 ms  DeleteObjects: 0.014400 ms)

========================================================================
Received Prepare
Registering precompiled user dll's ...
Registered in 0.001109 seconds.
Begin MonoManager ReloadAssembly
Native extension for WindowsStandalone target not found
Refreshing native plugins compatible for Editor in 0.47 ms, found 1 plugins.
Preloading 0 native plugins for Editor in 0.00 ms.
Invoked RoslynAnalysisRunner static constructor.
RoslynAnalysisRunner will not be running.
RoslynAnalysisRunner has terminated.
Mono: successfully reloaded assembly
- Completed reload, in  0.712 seconds
Platform modules already initialized, skipping
Shader 'Universal Render Pipeline/Particles/Lit': fallback shader 'Universal Render Pipeline/Particles/SimpleLit' not found
Refreshing native plugins compatible for Editor in 0.46 ms, found 1 plugins.
Preloading 0 native plugins for Editor in 0.00 ms.
Unloading 2897 Unused Serialized files (Serialized files now loaded: 0)
System memory in use before: 126.1 MB.
System memory in use after: 126.3 MB.

Unloading 9 unused Assets to reduce memory usage. Loaded Objects now: 3449.
Total: 2.533100 ms (FindLiveObjects: 0.423500 ms CreateObjectMapping: 0.170900 ms MarkObjects: 1.920400 ms  DeleteObjects: 0.017600 ms)

========================================================================
Received Prepare
Registering precompiled user dll's ...
Registered in 0.001151 seconds.
Begin MonoManager ReloadAssembly
Native extension for WindowsStandalone target not found
Refreshing native plugins compatible for Editor in 0.75 ms, found 1 plugins.
Preloading 0 native plugins for Editor in 0.00 ms.
Invoked RoslynAnalysisRunner static constructor.
RoslynAnalysisRunner will not be running.
RoslynAnalysisRunner has terminated.
Mono: successfully reloaded assembly
- Completed reload, in  0.823 seconds
Platform modules already initialized, skipping
Shader 'Universal Render Pipeline/Particles/Lit': fallback shader 'Universal Render Pipeline/Particles/SimpleLit' not found
Refreshing native plugins compatible for Editor in 0.50 ms, found 1 plugins.
Preloading 0 native plugins for Editor in 0.00 ms.
Unloading 2897 Unused Serialized files (Serialized files now loaded: 0)
System memory in use before: 126.1 MB.
System memory in use after: 126.3 MB.

Unloading 9 unused Assets to reduce memory usage. Loaded Objects now: 3451.
Total: 2.541600 ms (FindLiveObjects: 0.422400 ms CreateObjectMapping: 0.215000 ms MarkObjects: 1.885900 ms  DeleteObjects: 0.017400 ms)

========================================================================
Received Prepare
Registering precompiled user dll's ...
Registered in 0.001097 seconds.
Begin MonoManager ReloadAssembly
Native extension for WindowsStandalone target not found
Refreshing native plugins compatible for Editor in 0.46 ms, found 1 plugins.
Preloading 0 native plugins for Editor in 0.00 ms.
Invoked RoslynAnalysisRunner static constructor.
RoslynAnalysisRunner will not be running.
RoslynAnalysisRunner has terminated.
Mono: successfully reloaded assembly
- Completed reload, in  0.770 seconds
Platform modules already initialized, skipping
Shader 'Universal Render Pipeline/Particles/Lit': fallback shader 'Universal Render Pipeline/Particles/SimpleLit' not found
Refreshing native plugins compatible for Editor in 0.46 ms, found 1 plugins.
Preloading 0 native plugins for Editor in 0.00 ms.
Unloading 2897 Unused Serialized files (Serialized files now loaded: 0)
System memory in use before: 126.1 MB.
System memory in use after: 126.3 MB.

Unloading 9 unused Assets to reduce memory usage. Loaded Objects now: 3453.
Total: 3.414600 ms (FindLiveObjects: 0.295100 ms CreateObjectMapping: 0.161000 ms MarkObjects: 2.935300 ms  DeleteObjects: 0.021900 ms)

========================================================================
Received Import Request.
  Time since last request: 4513.144039 seconds.
  path: Assets/Scenes/Mode2.unity
  artifactKey: Guid(49b3806d096f2ce4bb6131d68dcdd783) Importer(815301076,1909f56bfc062723c751e8b465ee728b)
Start importing Assets/Scenes/Mode2.unity using Guid(49b3806d096f2ce4bb6131d68dcdd783) Importer(815301076,1909f56bfc062723c751e8b465ee728b)  -> (artifact id: '209f023e8b21decaae4e0fac3271e42c') in 0.027789 seconds
  Import took 0.032063 seconds .

